 WARN [2011-12-13 09:09:47,807] (BaseRetryAspect.java:isLoginExceptionRetryable:95) - Login evaluation deemed exception not retry-able:
 LoginFault: Invalid username, password, security token; or user locked out. Are you at a new location? When accessing Salesforce--either via a desktop client or the API--from outside of your company’s trusted networks, you must add a security token to your password to log in. To receive a new security token, log in to salesforce.com at http://login.salesforce.com and click Setup | My Personal Information | Reset Security Token.
 WARN [2011-12-13 09:09:47,814] (BaseRetryAspect.java:isConnectionExceptionRetryable:131) - Connection evaluation deemed exception not retry-able:
 LoginFault: Invalid username, password, security token; or user locked out. Are you at a new location? When accessing Salesforce--either via a desktop client or the API--from outside of your company’s trusted networks, you must add a security token to your password to log in. To receive a new security token, log in to salesforce.com at http://login.salesforce.com and click Setup | My Personal Information | Reset Security Token.
 WARN [2011-12-13 09:09:47,821] (ProjectController.java:getRemotePackageNames:882) - Unable to get project packages for project 'production': Invalid username, password, security token; or user locked out. Are you at a new location? When accessing Salesforce--either via a desktop client or the API--from outside of your company’s trusted networks, you must add a security token to your password to log in. To receive a new security token, log in to salesforce.com at http://login.salesforce.com and click Setup | My Personal Information | Reset Security Token.
 WARN [2011-12-13 09:09:47,877] (ProjectOrganizationPage.java:prepareNextPage:258) - Unable to login: Invalid username, password, security token; or user locked out. Are you at a new location? When accessing Salesforce--either via a desktop client or the API--from outside of your company’s trusted networks, you must add a security token to your password to log in. To receive a new security token, log in to salesforce.com at http://login.salesforce.com and click Setup | My Personal Information | Reset Security Token.
 WARN [2011-12-13 09:12:50,452] (BaseRetryAspect.java:isLoginExceptionRetryable:95) - Login evaluation deemed exception not retry-able:
 LoginFault: Invalid username, password, security token; or user locked out. Are you at a new location? When accessing Salesforce--either via a desktop client or the API--from outside of your company’s trusted networks, you must add a security token to your password to log in. To receive a new security token, log in to salesforce.com at http://login.salesforce.com and click Setup | My Personal Information | Reset Security Token.
 WARN [2011-12-13 09:12:50,454] (BaseRetryAspect.java:isConnectionExceptionRetryable:131) - Connection evaluation deemed exception not retry-able:
 LoginFault: Invalid username, password, security token; or user locked out. Are you at a new location? When accessing Salesforce--either via a desktop client or the API--from outside of your company’s trusted networks, you must add a security token to your password to log in. To receive a new security token, log in to salesforce.com at http://login.salesforce.com and click Setup | My Personal Information | Reset Security Token.
 WARN [2011-12-13 09:12:50,456] (ProjectController.java:getRemotePackageNames:882) - Unable to get project packages for project 'production': Invalid username, password, security token; or user locked out. Are you at a new location? When accessing Salesforce--either via a desktop client or the API--from outside of your company’s trusted networks, you must add a security token to your password to log in. To receive a new security token, log in to salesforce.com at http://login.salesforce.com and click Setup | My Personal Information | Reset Security Token.
 WARN [2011-12-13 09:12:50,469] (ProjectOrganizationPage.java:prepareNextPage:258) - Unable to login: Invalid username, password, security token; or user locked out. Are you at a new location? When accessing Salesforce--either via a desktop client or the API--from outside of your company’s trusted networks, you must add a security token to your password to log in. To receive a new security token, log in to salesforce.com at http://login.salesforce.com and click Setup | My Personal Information | Reset Security Token.
 WARN [2011-12-13 10:38:21,693] (Utils.java:loadDocument:823) - Unable to load document: /Users/roberto/Dropbox/Proyectos/sixth/force/.metadata/.plugins/com.salesforce.ide.core/packageCache.xml (No such file or directory)
 WARN [2011-12-13 10:38:30,242] (ComponentFactory.java:getComponentBean:1140) - Unable to get component for id 'BusinessProcess': Unable to get bean for id 'BusinessProcess'
 WARN [2011-12-13 10:38:30,244] (ComponentFactory.java:getComponentBean:1140) - Unable to get component for id 'CustomField': Unable to get bean for id 'CustomField'
 WARN [2011-12-13 10:38:30,246] (ComponentFactory.java:getComponentBean:1140) - Unable to get component for id 'CustomLabel': Unable to get bean for id 'CustomLabel'
 WARN [2011-12-13 10:38:31,591] (ComponentFactory.java:getComponentBean:1140) - Unable to get component for id 'FieldSet': Unable to get bean for id 'FieldSet'
 WARN [2011-12-13 10:38:31,615] (ComponentFactory.java:getComponentBean:1140) - Unable to get component for id 'ListView': Unable to get bean for id 'ListView'
 WARN [2011-12-13 10:38:31,616] (ComponentFactory.java:getComponentBean:1140) - Unable to get component for id 'NamedFilter': Unable to get bean for id 'NamedFilter'
 WARN [2011-12-13 10:38:31,619] (ComponentFactory.java:getComponentBean:1140) - Unable to get component for id 'RecordType': Unable to get bean for id 'RecordType'
 WARN [2011-12-13 10:38:32,180] (ComponentFactory.java:getComponentBean:1140) - Unable to get component for id 'SharingReason': Unable to get bean for id 'SharingReason'
 WARN [2011-12-13 10:38:32,183] (ComponentFactory.java:getComponentBean:1140) - Unable to get component for id 'ValidationRule': Unable to get bean for id 'ValidationRule'
 WARN [2011-12-13 10:38:32,185] (ComponentFactory.java:getComponentBean:1140) - Unable to get component for id 'WebLink': Unable to get bean for id 'WebLink'
 WARN [2011-12-13 10:38:32,198] (ComponentFactory.java:getComponentBean:1140) - Unable to get component for id 'WorkflowAlert': Unable to get bean for id 'WorkflowAlert'
 WARN [2011-12-13 10:38:32,200] (ComponentFactory.java:getComponentBean:1140) - Unable to get component for id 'WorkflowFieldUpdate': Unable to get bean for id 'WorkflowFieldUpdate'
 WARN [2011-12-13 10:38:32,201] (ComponentFactory.java:getComponentBean:1140) - Unable to get component for id 'WorkflowOutboundMessage': Unable to get bean for id 'WorkflowOutboundMessage'
 WARN [2011-12-13 10:38:32,224] (ComponentFactory.java:getComponentBean:1140) - Unable to get component for id 'WorkflowRule': Unable to get bean for id 'WorkflowRule'
 WARN [2011-12-13 10:38:32,225] (ComponentFactory.java:getComponentBean:1140) - Unable to get component for id 'WorkflowTask': Unable to get bean for id 'WorkflowTask'
 WARN [2011-12-13 10:39:47,653] (ConnectionFactory.java:clearCache:212) - Clearing the following cached connections
 WARN [2011-12-13 10:39:47,655] (DescribeObjectRegistry.java:clearCache:657) - Clearing cached describes
 WARN [2011-12-13 10:39:47,665] (MetadataFactory.java:clearCache:123) - Clearing the following cached metadata stubs
